{"C:\\Users\\brays\\Documents\\Mutliverse\\scooter-project\\classes\\Scooter.js": {"path":"C:\\Users\\brays\\Documents\\Mutliverse\\scooter-project\\classes\\Scooter.js","statementMap":{"0":{"start":{"line":3,"column":22},"end":{"line":3,"column":23}},"1":{"start":{"line":5,"column":4},"end":{"line":5,"column":27}},"2":{"start":{"line":6,"column":4},"end":{"line":6,"column":21}},"3":{"start":{"line":7,"column":4},"end":{"line":7,"column":37}},"4":{"start":{"line":8,"column":4},"end":{"line":8,"column":25}},"5":{"start":{"line":9,"column":4},"end":{"line":9,"column":22}},"6":{"start":{"line":10,"column":4},"end":{"line":10,"column":25}},"7":{"start":{"line":14,"column":4},"end":{"line":22,"column":5}},"8":{"start":{"line":15,"column":6},"end":{"line":15,"column":26}},"9":{"start":{"line":16,"column":6},"end":{"line":16,"column":26}},"10":{"start":{"line":17,"column":6},"end":{"line":17,"column":84}},"11":{"start":{"line":18,"column":11},"end":{"line":22,"column":5}},"12":{"start":{"line":19,"column":6},"end":{"line":19,"column":49}},"13":{"start":{"line":20,"column":11},"end":{"line":22,"column":5}},"14":{"start":{"line":21,"column":6},"end":{"line":21,"column":46}},"15":{"start":{"line":26,"column":4},"end":{"line":26,"column":26}},"16":{"start":{"line":27,"column":4},"end":{"line":27,"column":21}},"17":{"start":{"line":28,"column":4},"end":{"line":28,"column":73}},"18":{"start":{"line":32,"column":4},"end":{"line":35,"column":5}},"19":{"start":{"line":33,"column":6},"end":{"line":33,"column":70}},"20":{"start":{"line":34,"column":6},"end":{"line":34,"column":13}},"21":{"start":{"line":36,"column":29},"end":{"line":48,"column":12}},"22":{"start":{"line":37,"column":6},"end":{"line":43,"column":7}},"23":{"start":{"line":38,"column":8},"end":{"line":38,"column":26}},"24":{"start":{"line":39,"column":8},"end":{"line":41,"column":9}},"25":{"start":{"line":40,"column":10},"end":{"line":40,"column":28}},"26":{"start":{"line":42,"column":8},"end":{"line":42,"column":68}},"27":{"start":{"line":44,"column":6},"end":{"line":47,"column":7}},"28":{"start":{"line":45,"column":8},"end":{"line":45,"column":40}},"29":{"start":{"line":46,"column":8},"end":{"line":46,"column":63}},"30":{"start":{"line":52,"column":4},"end":{"line":55,"column":5}},"31":{"start":{"line":53,"column":6},"end":{"line":53,"column":77}},"32":{"start":{"line":54,"column":6},"end":{"line":54,"column":13}},"33":{"start":{"line":57,"column":4},"end":{"line":57,"column":64}},"34":{"start":{"line":60,"column":4},"end":{"line":63,"column":13}},"35":{"start":{"line":61,"column":6},"end":{"line":61,"column":28}},"36":{"start":{"line":62,"column":6},"end":{"line":62,"column":66}},"37":{"start":{"line":67,"column":0},"end":{"line":67,"column":25}}},"fnMap":{"0":{"name":"(anonymous_0)","decl":{"start":{"line":4,"column":2},"end":{"line":4,"column":3}},"loc":{"start":{"line":4,"column":24},"end":{"line":11,"column":3}},"line":4},"1":{"name":"(anonymous_1)","decl":{"start":{"line":13,"column":2},"end":{"line":13,"column":3}},"loc":{"start":{"line":13,"column":16},"end":{"line":23,"column":3}},"line":13},"2":{"name":"(anonymous_2)","decl":{"start":{"line":25,"column":2},"end":{"line":25,"column":3}},"loc":{"start":{"line":25,"column":16},"end":{"line":29,"column":3}},"line":25},"3":{"name":"(anonymous_3)","decl":{"start":{"line":31,"column":2},"end":{"line":31,"column":3}},"loc":{"start":{"line":31,"column":13},"end":{"line":49,"column":3}},"line":31},"4":{"name":"(anonymous_4)","decl":{"start":{"line":36,"column":41},"end":{"line":36,"column":42}},"loc":{"start":{"line":36,"column":47},"end":{"line":48,"column":5}},"line":36},"5":{"name":"(anonymous_5)","decl":{"start":{"line":51,"column":2},"end":{"line":51,"column":3}},"loc":{"start":{"line":51,"column":18},"end":{"line":64,"column":3}},"line":51},"6":{"name":"(anonymous_6)","decl":{"start":{"line":60,"column":15},"end":{"line":60,"column":16}},"loc":{"start":{"line":60,"column":21},"end":{"line":63,"column":5}},"line":60}},"branchMap":{"0":{"loc":{"start":{"line":14,"column":4},"end":{"line":22,"column":5}},"type":"if","locations":[{"start":{"line":14,"column":4},"end":{"line":22,"column":5}},{"start":{"line":18,"column":11},"end":{"line":22,"column":5}}],"line":14},"1":{"loc":{"start":{"line":14,"column":8},"end":{"line":14,"column":51}},"type":"binary-expr","locations":[{"start":{"line":14,"column":8},"end":{"line":14,"column":24}},{"start":{"line":14,"column":28},"end":{"line":14,"column":51}}],"line":14},"2":{"loc":{"start":{"line":18,"column":11},"end":{"line":22,"column":5}},"type":"if","locations":[{"start":{"line":18,"column":11},"end":{"line":22,"column":5}},{"start":{"line":20,"column":11},"end":{"line":22,"column":5}}],"line":18},"3":{"loc":{"start":{"line":20,"column":11},"end":{"line":22,"column":5}},"type":"if","locations":[{"start":{"line":20,"column":11},"end":{"line":22,"column":5}},{"start":{},"end":{}}],"line":20},"4":{"loc":{"start":{"line":32,"column":4},"end":{"line":35,"column":5}},"type":"if","locations":[{"start":{"line":32,"column":4},"end":{"line":35,"column":5}},{"start":{},"end":{}}],"line":32},"5":{"loc":{"start":{"line":37,"column":6},"end":{"line":43,"column":7}},"type":"if","locations":[{"start":{"line":37,"column":6},"end":{"line":43,"column":7}},{"start":{},"end":{}}],"line":37},"6":{"loc":{"start":{"line":39,"column":8},"end":{"line":41,"column":9}},"type":"if","locations":[{"start":{"line":39,"column":8},"end":{"line":41,"column":9}},{"start":{},"end":{}}],"line":39},"7":{"loc":{"start":{"line":44,"column":6},"end":{"line":47,"column":7}},"type":"if","locations":[{"start":{"line":44,"column":6},"end":{"line":47,"column":7}},{"start":{},"end":{}}],"line":44},"8":{"loc":{"start":{"line":52,"column":4},"end":{"line":55,"column":5}},"type":"if","locations":[{"start":{"line":52,"column":4},"end":{"line":55,"column":5}},{"start":{},"end":{}}],"line":52}},"s":{"0":2,"1":10,"2":10,"3":10,"4":10,"5":10,"6":10,"7":7,"8":5,"9":5,"10":5,"11":2,"12":1,"13":1,"14":1,"15":2,"16":2,"17":2,"18":1,"19":0,"20":0,"21":1,"22":5,"23":5,"24":5,"25":0,"26":5,"27":5,"28":1,"29":1,"30":1,"31":0,"32":0,"33":1,"34":1,"35":1,"36":1,"37":2},"f":{"0":10,"1":7,"2":2,"3":1,"4":5,"5":1,"6":1},"b":{"0":[5,2],"1":[7,6],"2":[1,1],"3":[1,0],"4":[0,1],"5":[5,0],"6":[0,5],"7":[1,4],"8":[0,1]},"_coverageSchema":"1a1c01bbd47fc00a2c39e90264f33305004495a9","hash":"f69e5f71bfea803f0e51978c50d53411ff0229ec"}
,"C:\\Users\\brays\\Documents\\Mutliverse\\scooter-project\\classes\\ScooterApp.js": {"path":"C:\\Users\\brays\\Documents\\Mutliverse\\scooter-project\\classes\\ScooterApp.js","statementMap":{"0":{"start":{"line":1,"column":16},"end":{"line":1,"column":39}},"1":{"start":{"line":2,"column":13},"end":{"line":2,"column":33}},"2":{"start":{"line":8,"column":4},"end":{"line":12,"column":6}},"3":{"start":{"line":15,"column":4},"end":{"line":15,"column":30}},"4":{"start":{"line":19,"column":2},"end":{"line":21,"column":3}},"5":{"start":{"line":20,"column":4},"end":{"line":20,"column":49}},"6":{"start":{"line":22,"column":2},"end":{"line":24,"column":3}},"7":{"start":{"line":23,"column":4},"end":{"line":23,"column":40}},"8":{"start":{"line":26,"column":18},"end":{"line":26,"column":51}},"9":{"start":{"line":27,"column":2},"end":{"line":27,"column":43}},"10":{"start":{"line":28,"column":2},"end":{"line":28,"column":55}},"11":{"start":{"line":29,"column":2},"end":{"line":29,"column":17}},"12":{"start":{"line":33,"column":15},"end":{"line":33,"column":45}},"13":{"start":{"line":35,"column":2},"end":{"line":37,"column":3}},"14":{"start":{"line":36,"column":4},"end":{"line":36,"column":56}},"15":{"start":{"line":39,"column":2},"end":{"line":44,"column":1}},"16":{"start":{"line":40,"column":4},"end":{"line":40,"column":25}},"17":{"start":{"line":41,"column":4},"end":{"line":41,"column":54}},"18":{"start":{"line":43,"column":4},"end":{"line":43,"column":58}},"19":{"start":{"line":48,"column":15},"end":{"line":48,"column":45}},"20":{"start":{"line":49,"column":2},"end":{"line":51,"column":3}},"21":{"start":{"line":50,"column":4},"end":{"line":50,"column":56}},"22":{"start":{"line":51,"column":4},"end":{"line":57,"column":3}},"23":{"start":{"line":52,"column":4},"end":{"line":52,"column":17}},"24":{"start":{"line":53,"column":4},"end":{"line":53,"column":58}},"25":{"start":{"line":56,"column":4},"end":{"line":56,"column":48}},"26":{"start":{"line":61,"column":2},"end":{"line":63,"column":1}},"27":{"start":{"line":62,"column":4},"end":{"line":62,"column":84}},"28":{"start":{"line":64,"column":18},"end":{"line":64,"column":38}},"29":{"start":{"line":65,"column":2},"end":{"line":65,"column":39}},"30":{"start":{"line":66,"column":2},"end":{"line":66,"column":47}},"31":{"start":{"line":67,"column":2},"end":{"line":67,"column":17}},"32":{"start":{"line":70,"column":4},"end":{"line":72,"column":5}},"33":{"start":{"line":71,"column":6},"end":{"line":71,"column":40}},"34":{"start":{"line":73,"column":4},"end":{"line":75,"column":5}},"35":{"start":{"line":74,"column":6},"end":{"line":74,"column":107}},"36":{"start":{"line":77,"column":4},"end":{"line":77,"column":25}},"37":{"start":{"line":78,"column":4},"end":{"line":78,"column":41}},"38":{"start":{"line":79,"column":4},"end":{"line":79,"column":86}},"39":{"start":{"line":80,"column":4},"end":{"line":80,"column":19}},"40":{"start":{"line":84,"column":6},"end":{"line":86,"column":7}},"41":{"start":{"line":85,"column":8},"end":{"line":85,"column":52}},"42":{"start":{"line":87,"column":6},"end":{"line":87,"column":24}},"43":{"start":{"line":88,"column":6},"end":{"line":88,"column":62}},"44":{"start":{"line":92,"column":6},"end":{"line":92,"column":61}},"45":{"start":{"line":93,"column":6},"end":{"line":93,"column":46}},"46":{"start":{"line":98,"column":0},"end":{"line":98,"column":28}}},"fnMap":{"0":{"name":"(anonymous_0)","decl":{"start":{"line":6,"column":2},"end":{"line":6,"column":3}},"loc":{"start":{"line":6,"column":16},"end":{"line":16,"column":1}},"line":6},"1":{"name":"(anonymous_1)","decl":{"start":{"line":18,"column":0},"end":{"line":18,"column":1}},"loc":{"start":{"line":18,"column":38},"end":{"line":30,"column":1}},"line":18},"2":{"name":"(anonymous_2)","decl":{"start":{"line":32,"column":0},"end":{"line":32,"column":1}},"loc":{"start":{"line":32,"column":30},"end":{"line":45,"column":1}},"line":32},"3":{"name":"(anonymous_3)","decl":{"start":{"line":47,"column":0},"end":{"line":47,"column":1}},"loc":{"start":{"line":47,"column":21},"end":{"line":58,"column":1}},"line":47},"4":{"name":"(anonymous_4)","decl":{"start":{"line":60,"column":0},"end":{"line":60,"column":1}},"loc":{"start":{"line":60,"column":23},"end":{"line":68,"column":1}},"line":60},"5":{"name":"(anonymous_5)","decl":{"start":{"line":69,"column":2},"end":{"line":69,"column":3}},"loc":{"start":{"line":69,"column":32},"end":{"line":81,"column":5}},"line":69},"6":{"name":"(anonymous_6)","decl":{"start":{"line":83,"column":2},"end":{"line":83,"column":3}},"loc":{"start":{"line":83,"column":29},"end":{"line":89,"column":5}},"line":83},"7":{"name":"(anonymous_7)","decl":{"start":{"line":91,"column":4},"end":{"line":91,"column":5}},"loc":{"start":{"line":91,"column":12},"end":{"line":94,"column":3}},"line":91}},"branchMap":{"0":{"loc":{"start":{"line":19,"column":2},"end":{"line":21,"column":3}},"type":"if","locations":[{"start":{"line":19,"column":2},"end":{"line":21,"column":3}},{"start":{},"end":{}}],"line":19},"1":{"loc":{"start":{"line":22,"column":2},"end":{"line":24,"column":3}},"type":"if","locations":[{"start":{"line":22,"column":2},"end":{"line":24,"column":3}},{"start":{},"end":{}}],"line":22},"2":{"loc":{"start":{"line":35,"column":2},"end":{"line":37,"column":3}},"type":"if","locations":[{"start":{"line":35,"column":2},"end":{"line":37,"column":3}},{"start":{},"end":{}}],"line":35},"3":{"loc":{"start":{"line":49,"column":2},"end":{"line":51,"column":3}},"type":"if","locations":[{"start":{"line":49,"column":2},"end":{"line":51,"column":3}},{"start":{},"end":{}}],"line":49},"4":{"loc":{"start":{"line":61,"column":2},"end":{"line":63,"column":1}},"type":"if","locations":[{"start":{"line":61,"column":2},"end":{"line":63,"column":1}},{"start":{},"end":{}}],"line":61},"5":{"loc":{"start":{"line":70,"column":4},"end":{"line":72,"column":5}},"type":"if","locations":[{"start":{"line":70,"column":4},"end":{"line":72,"column":5}},{"start":{},"end":{}}],"line":70},"6":{"loc":{"start":{"line":73,"column":4},"end":{"line":75,"column":5}},"type":"if","locations":[{"start":{"line":73,"column":4},"end":{"line":75,"column":5}},{"start":{},"end":{}}],"line":73},"7":{"loc":{"start":{"line":84,"column":6},"end":{"line":86,"column":7}},"type":"if","locations":[{"start":{"line":84,"column":6},"end":{"line":86,"column":7}},{"start":{},"end":{}}],"line":84}},"s":{"0":1,"1":1,"2":12,"3":12,"4":7,"5":1,"6":6,"7":1,"8":5,"9":5,"10":5,"11":5,"12":4,"13":4,"14":1,"15":3,"16":3,"17":2,"18":1,"19":2,"20":2,"21":1,"22":1,"23":1,"24":1,"25":0,"26":6,"27":1,"28":5,"29":5,"30":5,"31":5,"32":2,"33":1,"34":1,"35":0,"36":1,"37":1,"38":1,"39":1,"40":4,"41":1,"42":3,"43":3,"44":0,"45":0,"46":1},"f":{"0":12,"1":7,"2":4,"3":2,"4":6,"5":2,"6":4,"7":0},"b":{"0":[1,6],"1":[1,5],"2":[1,3],"3":[1,1],"4":[1,5],"5":[1,1],"6":[0,1],"7":[1,3]},"_coverageSchema":"1a1c01bbd47fc00a2c39e90264f33305004495a9","hash":"05b3cd94c3d76c2fc77af921fae9bbeab5362687"}
,"C:\\Users\\brays\\Documents\\Mutliverse\\scooter-project\\classes\\User.js": {"path":"C:\\Users\\brays\\Documents\\Mutliverse\\scooter-project\\classes\\User.js","statementMap":{"0":{"start":{"line":4,"column":4},"end":{"line":4,"column":29}},"1":{"start":{"line":5,"column":4},"end":{"line":5,"column":29}},"2":{"start":{"line":6,"column":4},"end":{"line":6,"column":19}},"3":{"start":{"line":7,"column":4},"end":{"line":7,"column":26}},"4":{"start":{"line":11,"column":4},"end":{"line":13,"column":5}},"5":{"start":{"line":12,"column":6},"end":{"line":12,"column":52}},"6":{"start":{"line":14,"column":4},"end":{"line":16,"column":48}},"7":{"start":{"line":15,"column":6},"end":{"line":15,"column":27}},"8":{"start":{"line":16,"column":11},"end":{"line":16,"column":48}},"9":{"start":{"line":20,"column":4},"end":{"line":20,"column":26}},"10":{"start":{"line":24,"column":0},"end":{"line":24,"column":22}}},"fnMap":{"0":{"name":"(anonymous_0)","decl":{"start":{"line":3,"column":2},"end":{"line":3,"column":3}},"loc":{"start":{"line":3,"column":39},"end":{"line":8,"column":3}},"line":3},"1":{"name":"(anonymous_1)","decl":{"start":{"line":10,"column":2},"end":{"line":10,"column":3}},"loc":{"start":{"line":10,"column":18},"end":{"line":17,"column":3}},"line":10},"2":{"name":"(anonymous_2)","decl":{"start":{"line":19,"column":2},"end":{"line":19,"column":3}},"loc":{"start":{"line":19,"column":11},"end":{"line":21,"column":3}},"line":19}},"branchMap":{"0":{"loc":{"start":{"line":11,"column":4},"end":{"line":13,"column":5}},"type":"if","locations":[{"start":{"line":11,"column":4},"end":{"line":13,"column":5}},{"start":{},"end":{}}],"line":11},"1":{"loc":{"start":{"line":14,"column":4},"end":{"line":16,"column":48}},"type":"if","locations":[{"start":{"line":14,"column":4},"end":{"line":16,"column":48}},{"start":{"line":16,"column":11},"end":{"line":16,"column":48}}],"line":14}},"s":{"0":25,"1":25,"2":25,"3":25,"4":6,"5":0,"6":6,"7":4,"8":2,"9":2,"10":3},"f":{"0":25,"1":6,"2":2},"b":{"0":[0,6],"1":[4,2]},"_coverageSchema":"1a1c01bbd47fc00a2c39e90264f33305004495a9","hash":"3cb4e34f42f173c87f763b1a0a55dcb1c5baa607"}
}
