TN:
SF:classes\Scooter.js
FN:4,(anonymous_0)
FN:13,(anonymous_1)
FN:25,(anonymous_2)
FN:31,(anonymous_3)
FN:36,(anonymous_4)
FN:51,(anonymous_5)
FN:60,(anonymous_6)
FNF:7
FNH:7
FNDA:10,(anonymous_0)
FNDA:7,(anonymous_1)
FNDA:2,(anonymous_2)
FNDA:1,(anonymous_3)
FNDA:5,(anonymous_4)
FNDA:1,(anonymous_5)
FNDA:1,(anonymous_6)
DA:3,2
DA:5,10
DA:6,10
DA:7,10
DA:8,10
DA:9,10
DA:10,10
DA:14,7
DA:15,5
DA:16,5
DA:17,5
DA:18,2
DA:19,1
DA:20,1
DA:21,1
DA:26,2
DA:27,2
DA:28,2
DA:32,1
DA:33,0
DA:34,0
DA:36,1
DA:37,5
DA:38,5
DA:39,5
DA:40,0
DA:42,5
DA:44,5
DA:45,1
DA:46,1
DA:52,1
DA:53,0
DA:54,0
DA:57,1
DA:60,1
DA:61,1
DA:62,1
DA:67,2
LF:38
LH:33
BRDA:14,0,0,5
BRDA:14,0,1,2
BRDA:14,1,0,7
BRDA:14,1,1,6
BRDA:18,2,0,1
BRDA:18,2,1,1
BRDA:20,3,0,1
BRDA:20,3,1,0
BRDA:32,4,0,0
BRDA:32,4,1,1
BRDA:37,5,0,5
BRDA:37,5,1,0
BRDA:39,6,0,0
BRDA:39,6,1,5
BRDA:44,7,0,1
BRDA:44,7,1,4
BRDA:52,8,0,0
BRDA:52,8,1,1
BRF:18
BRH:13
end_of_record
TN:
SF:classes\ScooterApp.js
FN:6,(anonymous_0)
FN:18,(anonymous_1)
FN:32,(anonymous_2)
FN:47,(anonymous_3)
FN:60,(anonymous_4)
FN:69,(anonymous_5)
FN:83,(anonymous_6)
FN:91,(anonymous_7)
FNF:8
FNH:7
FNDA:12,(anonymous_0)
FNDA:7,(anonymous_1)
FNDA:4,(anonymous_2)
FNDA:2,(anonymous_3)
FNDA:6,(anonymous_4)
FNDA:2,(anonymous_5)
FNDA:4,(anonymous_6)
FNDA:0,(anonymous_7)
DA:1,1
DA:2,1
DA:8,12
DA:15,12
DA:19,7
DA:20,1
DA:22,6
DA:23,1
DA:26,5
DA:27,5
DA:28,5
DA:29,5
DA:33,4
DA:35,4
DA:36,1
DA:39,3
DA:40,3
DA:41,2
DA:43,1
DA:48,2
DA:49,2
DA:50,1
DA:51,1
DA:52,1
DA:53,1
DA:56,0
DA:61,6
DA:62,1
DA:64,5
DA:65,5
DA:66,5
DA:67,5
DA:70,2
DA:71,1
DA:73,1
DA:74,0
DA:77,1
DA:78,1
DA:79,1
DA:80,1
DA:84,4
DA:85,1
DA:87,3
DA:88,3
DA:92,0
DA:93,0
DA:98,1
LF:47
LH:43
BRDA:19,0,0,1
BRDA:19,0,1,6
BRDA:22,1,0,1
BRDA:22,1,1,5
BRDA:35,2,0,1
BRDA:35,2,1,3
BRDA:49,3,0,1
BRDA:49,3,1,1
BRDA:61,4,0,1
BRDA:61,4,1,5
BRDA:70,5,0,1
BRDA:70,5,1,1
BRDA:73,6,0,0
BRDA:73,6,1,1
BRDA:84,7,0,1
BRDA:84,7,1,3
BRF:16
BRH:15
end_of_record
TN:
SF:classes\User.js
FN:3,(anonymous_0)
FN:10,(anonymous_1)
FN:19,(anonymous_2)
FNF:3
FNH:3
FNDA:25,(anonymous_0)
FNDA:6,(anonymous_1)
FNDA:2,(anonymous_2)
DA:4,25
DA:5,25
DA:6,25
DA:7,25
DA:11,6
DA:12,0
DA:14,6
DA:15,4
DA:16,2
DA:20,2
DA:24,3
LF:11
LH:10
BRDA:11,0,0,0
BRDA:11,0,1,6
BRDA:14,1,0,4
BRDA:14,1,1,2
BRF:4
BRH:3
end_of_record
